<?xml version="1.0" encoding="UTF-8"?>
<testng-results skipped="0" failed="2" ignored="0" total="2" passed="0">
  <reporter-output>
  </reporter-output>
  <suite name="Default suite" duration-ms="44978" started-at="2020-03-26T10:09:38 IST" finished-at="2020-03-26T10:10:23 IST">
    <groups>
    </groups>
    <test name="Default test" duration-ms="44978" started-at="2020-03-26T10:09:38 IST" finished-at="2020-03-26T10:10:23 IST">
      <class name="TESTS.demo_test">
        <test-method status="PASS" signature="bm()[pri:0, instance:TESTS.demo_test@6321e813]" name="bm" is-config="true" duration-ms="13364" started-at="2020-03-26T10:09:39 IST" finished-at="2020-03-26T10:09:53 IST">
          <reporter-output>
          </reporter-output>
        </test-method> <!-- bm -->
        <test-method status="FAIL" signature="f(java.lang.String, java.lang.String, java.lang.String, java.lang.String, java.lang.String, java.lang.String, java.lang.String, java.lang.String)[pri:0, instance:TESTS.demo_test@6321e813]" name="f" duration-ms="7356" started-at="2020-03-26T10:09:53 IST" data-provider="project" finished-at="2020-03-26T10:10:00 IST">
          <params>
            <param index="0">
              <value>
                <![CDATA[spar622]]>
              </value>
            </param>
            <param index="1">
              <value>
                <![CDATA[qwerty]]>
              </value>
            </param>
            <param index="2">
              <value>
                <![CDATA[spar622]]>
              </value>
            </param>
            <param index="3">
              <value>
                <![CDATA[qwerty]]>
              </value>
            </param>
            <param index="4">
              <value>
                <![CDATA[abi@gmail.com]]>
              </value>
            </param>
            <param index="5">
              <value>
                <![CDATA[daaku]]>
              </value>
            </param>
            <param index="6">
              <value>
                <![CDATA["i am a pro coder"]]>
              </value>
            </param>
            <param index="7">
              <value>
                <![CDATA[spar622]]>
              </value>
            </param>
          </params>
          <exception class="java.lang.NullPointerException">
            <full-stacktrace>
              <![CDATA[java.lang.NullPointerException
at BASE_CLASS.utilities.ScreenShot(utilities.java:57)
at TESTS.demo_test.f(demo_test.java:55)
at sun.reflect.NativeMethodAccessorImpl.invoke0(Native Method)
at sun.reflect.NativeMethodAccessorImpl.invoke(NativeMethodAccessorImpl.java:62)
at sun.reflect.DelegatingMethodAccessorImpl.invoke(DelegatingMethodAccessorImpl.java:43)
at java.lang.reflect.Method.invoke(Method.java:498)
at org.testng.internal.MethodInvocationHelper.invokeMethod(MethodInvocationHelper.java:133)
at org.testng.internal.TestInvoker.invokeMethod(TestInvoker.java:584)
at org.testng.internal.TestInvoker.invokeTestMethod(TestInvoker.java:172)
at org.testng.internal.MethodRunner.runInSequence(MethodRunner.java:46)
at org.testng.internal.TestInvoker$MethodInvocationAgent.invoke(TestInvoker.java:804)
at org.testng.internal.TestInvoker.invokeTestMethods(TestInvoker.java:145)
at org.testng.internal.TestMethodWorker.invokeTestMethods(TestMethodWorker.java:146)
at org.testng.internal.TestMethodWorker.run(TestMethodWorker.java:128)
at java.util.ArrayList.forEach(ArrayList.java:1257)
at org.testng.TestRunner.privateRun(TestRunner.java:770)
at org.testng.TestRunner.run(TestRunner.java:591)
at org.testng.SuiteRunner.runTest(SuiteRunner.java:402)
at org.testng.SuiteRunner.runSequentially(SuiteRunner.java:396)
at org.testng.SuiteRunner.privateRun(SuiteRunner.java:355)
at org.testng.SuiteRunner.run(SuiteRunner.java:304)
at org.testng.SuiteRunnerWorker.runSuite(SuiteRunnerWorker.java:53)
at org.testng.SuiteRunnerWorker.run(SuiteRunnerWorker.java:96)
at org.testng.TestNG.runSuitesSequentially(TestNG.java:1180)
at org.testng.TestNG.runSuitesLocally(TestNG.java:1102)
at org.testng.TestNG.runSuites(TestNG.java:1032)
at org.testng.TestNG.run(TestNG.java:1000)
at org.testng.remote.AbstractRemoteTestNG.run(AbstractRemoteTestNG.java:115)
at org.testng.remote.RemoteTestNG.initAndRun(RemoteTestNG.java:251)
at org.testng.remote.RemoteTestNG.main(RemoteTestNG.java:77)
]]>
            </full-stacktrace>
          </exception> <!-- java.lang.NullPointerException -->
          <reporter-output>
          </reporter-output>
        </test-method> <!-- f -->
        <test-method status="PASS" signature="am()[pri:0, instance:TESTS.demo_test@6321e813]" name="am" is-config="true" duration-ms="404" started-at="2020-03-26T10:10:00 IST" finished-at="2020-03-26T10:10:00 IST">
          <reporter-output>
          </reporter-output>
        </test-method> <!-- am -->
        <test-method status="PASS" signature="bm()[pri:0, instance:TESTS.demo_test@6321e813]" name="bm" is-config="true" duration-ms="11366" started-at="2020-03-26T10:10:00 IST" finished-at="2020-03-26T10:10:12 IST">
          <reporter-output>
          </reporter-output>
        </test-method> <!-- bm -->
        <test-method status="FAIL" signature="f(java.lang.String, java.lang.String, java.lang.String, java.lang.String, java.lang.String, java.lang.String, java.lang.String, java.lang.String)[pri:0, instance:TESTS.demo_test@6321e813]" name="f" duration-ms="7249" started-at="2020-03-26T10:10:12 IST" data-provider="project" finished-at="2020-03-26T10:10:19 IST">
          <params>
            <param index="0">
              <value>
                <![CDATA[shad622]]>
              </value>
            </param>
            <param index="1">
              <value>
                <![CDATA[qwerty]]>
              </value>
            </param>
            <param index="2">
              <value>
                <![CDATA[shad622]]>
              </value>
            </param>
            <param index="3">
              <value>
                <![CDATA[qwerty]]>
              </value>
            </param>
            <param index="4">
              <value>
                <![CDATA[sid@gmail.com]]>
              </value>
            </param>
            <param index="5">
              <value>
                <![CDATA[don]]>
              </value>
            </param>
            <param index="6">
              <value>
                <![CDATA["i  love coding"]]>
              </value>
            </param>
            <param index="7">
              <value>
                <![CDATA[shad622]]>
              </value>
            </param>
          </params>
          <exception class="java.lang.NullPointerException">
            <full-stacktrace>
              <![CDATA[java.lang.NullPointerException
at BASE_CLASS.utilities.ScreenShot(utilities.java:57)
at TESTS.demo_test.f(demo_test.java:55)
at sun.reflect.NativeMethodAccessorImpl.invoke0(Native Method)
at sun.reflect.NativeMethodAccessorImpl.invoke(NativeMethodAccessorImpl.java:62)
at sun.reflect.DelegatingMethodAccessorImpl.invoke(DelegatingMethodAccessorImpl.java:43)
at java.lang.reflect.Method.invoke(Method.java:498)
at org.testng.internal.MethodInvocationHelper.invokeMethod(MethodInvocationHelper.java:133)
at org.testng.internal.TestInvoker.invokeMethod(TestInvoker.java:584)
at org.testng.internal.TestInvoker.invokeTestMethod(TestInvoker.java:172)
at org.testng.internal.MethodRunner.runInSequence(MethodRunner.java:46)
at org.testng.internal.TestInvoker$MethodInvocationAgent.invoke(TestInvoker.java:804)
at org.testng.internal.TestInvoker.invokeTestMethods(TestInvoker.java:145)
at org.testng.internal.TestMethodWorker.invokeTestMethods(TestMethodWorker.java:146)
at org.testng.internal.TestMethodWorker.run(TestMethodWorker.java:128)
at java.util.ArrayList.forEach(ArrayList.java:1257)
at org.testng.TestRunner.privateRun(TestRunner.java:770)
at org.testng.TestRunner.run(TestRunner.java:591)
at org.testng.SuiteRunner.runTest(SuiteRunner.java:402)
at org.testng.SuiteRunner.runSequentially(SuiteRunner.java:396)
at org.testng.SuiteRunner.privateRun(SuiteRunner.java:355)
at org.testng.SuiteRunner.run(SuiteRunner.java:304)
at org.testng.SuiteRunnerWorker.runSuite(SuiteRunnerWorker.java:53)
at org.testng.SuiteRunnerWorker.run(SuiteRunnerWorker.java:96)
at org.testng.TestNG.runSuitesSequentially(TestNG.java:1180)
at org.testng.TestNG.runSuitesLocally(TestNG.java:1102)
at org.testng.TestNG.runSuites(TestNG.java:1032)
at org.testng.TestNG.run(TestNG.java:1000)
at org.testng.remote.AbstractRemoteTestNG.run(AbstractRemoteTestNG.java:115)
at org.testng.remote.RemoteTestNG.initAndRun(RemoteTestNG.java:251)
at org.testng.remote.RemoteTestNG.main(RemoteTestNG.java:77)
]]>
            </full-stacktrace>
          </exception> <!-- java.lang.NullPointerException -->
          <reporter-output>
          </reporter-output>
        </test-method> <!-- f -->
        <test-method status="PASS" signature="am()[pri:0, instance:TESTS.demo_test@6321e813]" name="am" is-config="true" duration-ms="4188" started-at="2020-03-26T10:10:19 IST" finished-at="2020-03-26T10:10:23 IST">
          <reporter-output>
          </reporter-output>
        </test-method> <!-- am -->
      </class> <!-- TESTS.demo_test -->
    </test> <!-- Default test -->
  </suite> <!-- Default suite -->
</testng-results>
